<?xml version="1.0" encoding="UTF-8"?>
<!-- Generated by org.testng.reporters.JUnitReportReporter -->
<testsuite hostname="WIN-5CG7431DRQ" failures="0" tests="2" name="Siva_test.TestScenario_3" time="55.370" errors="0" timestamp="2024-06-15T12:12:40 IST" skipped="0">
  <testcase classname="Siva_test.TestScenario_3" name="TestScenario3" time="25.683"/>
  <system-out/>
  <testcase classname="Siva_test.TestScenario_3" name="TestScenario3" time="29.687"/>
  <system-out/>
</testsuite> <!-- Siva_test.TestScenario_3 -->
