<?xml version="1.0" encoding="UTF-8"?>
<!-- Generated by org.testng.reporters.JUnitReportReporter -->
<testsuite hostname="3I-PC0CF95D" failures="0" tests="2" name="Rama_test.TestScenario_1" time="35.802" errors="0" timestamp="2024-02-29T16:58:43 IST" skipped="0">
  <testcase classname="Rama_test.TestScenario_1" name="TestScenario1" time="15.276"/>
  <testcase classname="Rama_test.TestScenario_1" name="TestScenario1" time="20.526"/>
</testsuite> <!-- Rama_test.TestScenario_1 -->
