<?xml version="1.0" encoding="UTF-8"?>
<!-- Generated by org.testng.reporters.JUnitReportReporter -->
<testsuite hostname="WIN-5CG7431DRQ" failures="0" tests="2" name="Siva_test.TestScenario_2" time="38.871" errors="0" timestamp="2024-06-15T12:12:40 IST" skipped="0">
  <testcase classname="Siva_test.TestScenario_2" name="TestScenario2" time="18.913"/>
  <system-out/>
  <testcase classname="Siva_test.TestScenario_2" name="TestScenario2" time="19.958"/>
  <system-out/>
</testsuite> <!-- Siva_test.TestScenario_2 -->
