<?xml version="1.0" encoding="UTF-8"?>
<!-- Generated by org.testng.reporters.JUnitReportReporter -->
<testsuite hostname="WIN-5CG7431DRQ" failures="0" tests="2" name="Siva_test.TestScenario_1" time="30.064" errors="0" timestamp="2024-06-15T12:12:40 IST" skipped="0">
  <testcase classname="Siva_test.TestScenario_1" name="TestScenario1" time="13.475"/>
  <system-out/>
  <testcase classname="Siva_test.TestScenario_1" name="TestScenario1" time="16.589"/>
  <system-out/>
</testsuite> <!-- Siva_test.TestScenario_1 -->
